android/app/build/outputs/mapping/release/seeds.txt
com.basic.MainActivity
com.basic.MainActivity: MainActivity()
com.basic.R$anim: int abc_fade_in
com.basic.R$anim: int abc_fade_out
com.basic.R$anim: int abc_grow_fade_in_from_bottom
com.basic.R$anim: int abc_popup_enter
com.basic.R$anim: int abc_popup_exit
com.basic.R$anim: int abc_shrink_fade_out_from_bottom
com.basic.R$anim: int abc_slide_in_bottom
com.basic.R$anim: int abc_slide_in_top
com.basic.R$anim: int abc_slide_out_bottom
com.basic.R$anim: int abc_slide_out_top
com.basic.R$anim: int catalyst_push_up_in
com.basic.R$anim: int catalyst_push_up_out
com.basic.R$attr: int actionBarDivider
com.basic.R$attr: int actionBarItemBackground
com.basic.R$attr: int actionBarPopupTheme
com.basic.R$attr: int actionBarSize
com.basic.R$attr: int actionBarSplitStyle
com.basic.R$attr: int actionBarStyle
com.basic.R$attr: int actionBarTabBarStyle
com.basic.R$attr: int actionBarTabStyle
com.basic.R$attr: int actionBarTabTextStyle
com.basic.R$attr: int actionBarTheme
com.basic.R$attr: int actionBarWidgetTheme
com.basic.R$attr: int actionButtonStyle
com.basic.R$attr: int actionDropDownStyle
com.basic.R$attr: int actionLayout
com.basic.R$attr: int actionMenuTextAppearance
com.basic.R$attr: int actionMenuTextColor
com.basic.R$attr: int actionModeBackground
com.basic.R$attr: int actionModeCloseButtonStyle
com.basic.R$attr: int actionModeCloseDrawable
com.basic.R$attr: int actionModeCopyDrawable
com.basic.R$attr: int actionModeCutDrawable
com.basic.R$attr: int actionModeFindDrawable
com.basic.R$attr: int actionModePasteDrawable
com.basic.R$attr: int actionModePopupWindowStyle
com.basic.R$attr: int actionModeSelectAllDrawable
com.basic.R$attr: int actionModeShareDrawable
com.basic.R$attr: int actionModeSplitBackground
com.basic.R$attr: int actionModeStyle
com.basic.R$attr: int actionModeWebSearchDrawable
com.basic.R$attr: int actionOverflowButtonStyle
com.basic.R$attr: int actionOverflowMenuStyle
com.basic.R$attr: int actionProviderClass
com.basic.R$attr: int actionViewClass
com.basic.R$attr: int activityChooserViewStyle
com.basic.R$bool: int abc_action_bar_embed_tabs
com.basic.R$bool: int abc_action_bar_embed_tabs_pre_jb
com.basic.R$bool: int abc_action_bar_expanded_action_views_exclusive
com.basic.R$bool: int abc_config_actionMenuItemAllCaps
com.basic.R$bool: int abc_config_allowActionMenuItemTextWithIcon
com.basic.R$bool: int abc_config_closeDialogWhenTouchOutside
com.basic.R$bool: int abc_config_showMenuShortcutsWhenKeyboardPresent
com.basic.R$color: int abc_background_cache_hint_selector_material_dark
com.basic.R$color: int abc_background_cache_hint_selector_material_light
com.basic.R$color: int abc_color_highlight_material
com.basic.R$color: int abc_input_method_navigation_guard
com.basic.R$color: int abc_primary_text_disable_only_material_dark
com.basic.R$color: int abc_primary_text_disable_only_material_light
com.basic.R$color: int abc_primary_text_material_dark
com.basic.R$color: int abc_primary_text_material_light
com.basic.R$color: int abc_search_url_text
com.basic.R$color: int abc_search_url_text_normal
com.basic.R$color: int abc_search_url_text_pressed
com.basic.R$color: int abc_search_url_text_selected
com.basic.R$color: int abc_secondary_text_material_dark
com.basic.R$color: int abc_secondary_text_material_light
com.basic.R$color: int accent_material_dark
com.basic.R$color: int accent_material_light
com.basic.R$color: int background_floating_material_dark
com.basic.R$color: int background_floating_material_light
com.basic.R$color: int background_material_dark
com.basic.R$color: int background_material_light
com.basic.R$color: int bright_foreground_disabled_material_dark
com.basic.R$color: int bright_foreground_disabled_material_light
com.basic.R$color: int bright_foreground_inverse_material_dark
com.basic.R$color: int bright_foreground_inverse_material_light
com.basic.R$color: int bright_foreground_material_dark
com.basic.R$color: int bright_foreground_material_light
...
android.support.v4.media.session.MediaSessionCompat$Token: android.os.Parcelable$Creator CREATOR
android.support.v4.media.session.ParcelableVolumeInfo: android.os.Parcelable$Creator CREATOR
android.support.v4.media.session.PlaybackStateCompat: android.os.Parcelable$Creator CREATOR
android.support.v4.media.session.PlaybackStateCompat$CustomAction: android.os.Parcelable$Creator CREATOR
android.support.v4.view.PagerTabStrip: void setTabIndicatorColor(int)
android.support.v4.view.PagerTabStrip: void setTabIndicatorColorResource(int)
android.support.v4.view.PagerTabStrip: int getTabIndicatorColor()
android.support.v4.view.PagerTabStrip: void setTextSpacing(int)
android.support.v4.view.PagerTabStrip: void setBackgroundDrawable(android.graphics.drawable.Drawable)
android.support.v4.view.PagerTabStrip: void setBackgroundColor(int)
android.support.v4.view.PagerTabStrip: void setBackgroundResource(int)
android.support.v4.view.PagerTabStrip: void setDrawFullUnderline(boolean)
android.support.v4.view.PagerTabStrip: boolean getDrawFullUnderline()
android.support.v4.view.PagerTabStrip: int getMinHeight()
android.support.v4.view.PagerTitleStrip: void setSingleLineAllCaps(android.widget.TextView)
android.support.v4.view.PagerTitleStrip: void setTextSpacing(int)
android.support.v4.view.PagerTitleStrip: int getTextSpacing()
android.support.v4.view.PagerTitleStrip: void setNonPrimaryAlpha(float)
android.support.v4.view.PagerTitleStrip: void setTextColor(int)
android.support.v4.view.PagerTitleStrip: void setGravity(int)
android.support.v4.view.PagerTitleStrip: int getMinHeight()
android.support.v4.view.ViewPager: void setScrollState(int)
android.support.v4.view.ViewPager: void setAdapter(android.support.v4.view.PagerAdapter)
android.support.v4.view.ViewPager: android.support.v4.view.PagerAdapter getAdapter()
android.support.v4.view.ViewPager: void setOnAdapterChangeListener(android.support.v4.view.ViewPager$OnAdapterChangeListener)
android.support.v4.view.ViewPager: int getClientWidth()
android.support.v4.view.ViewPager: void setCurrentItem(int)
android.support.v4.view.ViewPager: int getCurrentItem()
android.support.v4.view.ViewPager: void setOnPageChangeListener(android.support.v4.view.ViewPager$OnPageChangeListener)
android.support.v4.view.ViewPager: void setChildrenDrawingOrderEnabledCompat(boolean)
android.support.v4.view.ViewPager: int getOffscreenPageLimit()
android.support.v4.view.ViewPager: void setOffscreenPageLimit(int)
android.support.v4.view.ViewPager: void setPageMargin(int)
android.support.v4.view.ViewPager: int getPageMargin()
android.support.v4.view.ViewPager: void setPageMarginDrawable(android.graphics.drawable.Drawable)
android.support.v4.view.ViewPager: void setPageMarginDrawable(int)
android.support.v4.view.ViewPager: void setScrollingCacheEnabled(boolean)
android.support.v4.view.ViewPager$SavedState: android.os.Parcelable$Creator CREATOR
android.support.v4.widget.DrawerLayout: void setDrawerElevation(float)
android.support.v4.widget.DrawerLayout: float getDrawerElevation()
android.support.v4.widget.DrawerLayout: void setScrimColor(int)
android.support.v4.widget.DrawerLayout: void setDrawerListener(android.support.v4.widget.DrawerLayout$DrawerListener)
android.support.v4.widget.DrawerLayout: void setDrawerLockMode(int)
android.support.v4.widget.DrawerLayout: void setStatusBarBackground(android.graphics.drawable.Drawable)
android.support.v4.widget.DrawerLayout: android.graphics.drawable.Drawable getStatusBarBackgroundDrawable()
android.support.v4.widget.DrawerLayout: void setStatusBarBackground(int)
android.support.v4.widget.DrawerLayout: void setStatusBarBackgroundColor(int)
android.support.v4.widget.DrawerLayout$SavedState: android.os.Parcelable$Creator CREATOR