android/app/build/outputs/mapping/release/usage.txt
com.basic.BuildConfig
com.basic.R
com.basic.R$anim
com.basic.R$attr
com.basic.R$bool
com.basic.R$color
com.basic.R$dimen
com.basic.R$drawable
com.basic.R$id
com.basic.R$integer
com.basic.R$layout
com.basic.R$mipmap
com.basic.R$raw
com.basic.R$string
com.basic.R$style
com.basic.R$styleable
com.basic.R$xml
...
android.support.v7.internal.widget.ToolbarWidgetWrapper:
    private static final java.lang.String TAG
    private static final int AFFECTS_LOGO_MASK
    private static final long DEFAULT_FADE_DURATION_MS
    private android.view.View mTabView
    private android.widget.Spinner mSpinner
    private android.support.v7.widget.ActionMenuPresenter mActionMenuPresenter
    241:241:public android.view.ViewGroup getViewGroup()
    251:251:public boolean hasExpandedActionView()
    256:257:public void collapseActionView()
    292:292:public java.lang.CharSequence getSubtitle()
    305:306:public void initProgress()
    310:311:public void initIndeterminateProgress()
    315:315:public boolean hasIcon()
    320:320:public boolean hasLogo()
    359:359:public boolean canShowOverflowMenu()
    364:364:public boolean isOverflowMenuShowing()
    369:369:public boolean isOverflowMenuShowPending()
    374:374:public boolean showOverflowMenu()
    379:379:public boolean hideOverflowMenu()
    384:385:public void setMenuPrepared()
    389:395:public void setMenu(android.view.Menu,android.support.v7.internal.view.menu.MenuPresenter$Callback)
    399:400:public void dismissPopupMenus()
    404:404:public int getDisplayOptions()
    448:460:public void setEmbeddedTabView(android.support.v7.internal.widget.ScrollingTabContainerView)
    464:464:public boolean hasEmbeddedTabs()
    469:469:public boolean isTitleTruncated()
    474:475:public void setCollapsible(boolean)
android.support.v7.internal.widget.ToolbarWidgetWrapper$2
android.support.v7.internal.widget.ToolbarWidgetWrapper$3
android.support.v7.internal.widget.ViewUtils:
    private static final java.lang.String TAG
    50:50:private ViewUtils()
    87:104:public static void makeOptionalFitsSystemWindows(android.view.View)
android.support.v7.recyclerview.BuildConfig
android.support.v7.recyclerview.R:
    9:22:public R()
android.support.v7.recyclerview.R$attr
android.support.v7.recyclerview.R$dimen
android.support.v7.recyclerview.R$id
android.support.v7.recyclerview.R$styleable:
    22:22:public R$styleable()
android.support.v7.util.AsyncListUtil
android.support.v7.util.AsyncListUtil$1
android.support.v7.util.AsyncListUtil$2
android.support.v7.util.AsyncListUtil$DataCallback
android.support.v7.util.AsyncListUtil$ViewCallback
android.support.v7.util.MessageThreadUtil
android.support.v7.util.MessageThreadUtil$1
android.support.v7.util.MessageThreadUtil$1$1
android.support.v7.util.MessageThreadUtil$2
android.support.v7.util.MessageThreadUtil$2$1
android.support.v7.util.MessageThreadUtil$MessageQueue
android.support.v7.util.MessageThreadUtil$SyncQueueItem
android.support.v7.util.SortedList
android.support.v7.util.SortedList$BatchedCallback
android.support.v7.util.SortedList$Callback
android.support.v7.util.ThreadUtil
android.support.v7.util.ThreadUtil$BackgroundCallback
android.support.v7.util.ThreadUtil$MainThreadCallback
android.support.v7.util.TileList
android.support.v7.util.TileList$Tile
android.support.v7.view.ActionMode
android.support.v7.view.ActionMode$Callback
android.support.v7.widget.ActionMenuPresenter:
    private static final java.lang.String TAG
    147:150:public void setWidthLimit(int,boolean)
    158:160:public void setItemLimit(int)
    186:188:public android.support.v7.internal.view.menu.MenuView getMenuView(android.view.ViewGroup)
    393:393:public boolean isOverflowMenuShowPending()
    400:400:public boolean isOverflowReserved()
    545:547:public android.os.Parcelable onSaveInstanceState()
    552:560:public void onRestoreInstanceState(android.os.Parcelable)
android.support.v7.widget.ActionMenuPresenter$SavedState
android.support.v7.widget.ActionMenuPresenter$SavedState$1